<?xml version="1.0" encoding="UTF-8"?>
<!-- Generated by org.testng.reporters.JUnitReportReporter -->
<testsuite hostname="LAPTOP-SELGG101" failures="0" tests="10" name="com.TelecomProject.TelecomAPI" time="17.716" errors="0" timestamp="2024-12-29T21:07:45 IST" skipped="0">
  <testcase classname="com.TelecomProject.TelecomAPI" name="addNewUser" time="4.084"/>
  <system-out/>
  <testcase classname="com.TelecomProject.TelecomAPI" name="getProfile" time="1.615"/>
  <system-out/>
  <testcase classname="com.TelecomProject.TelecomAPI" name="updateUser" time="1.520"/>
  <system-out/>
  <testcase classname="com.TelecomProject.TelecomAPI" name="loginUser" time="1.444"/>
  <system-out/>
  <testcase classname="com.TelecomProject.TelecomAPI" name="addContact" time="1.546"/>
  <system-out/>
  <testcase classname="com.TelecomProject.TelecomAPI" name="getContactList" time="1.401"/>
  <system-out/>
  <testcase classname="com.TelecomProject.TelecomAPI" name="getContact" time="1.528"/>
  <system-out/>
  <testcase classname="com.TelecomProject.TelecomAPI" name="updateContact" time="1.532"/>
  <system-out/>
  <testcase classname="com.TelecomProject.TelecomAPI" name="updateContactpatch" time="1.532"/>
  <system-out/>
  <testcase classname="com.TelecomProject.TelecomAPI" name="logoutUser" time="1.514"/>
  <system-out/>
</testsuite> <!-- com.TelecomProject.TelecomAPI -->
