<?xml version="1.0" encoding="UTF-8"?>
<!-- Generated by org.testng.reporters.JUnitReportReporter -->
<testsuite hostname="LAPTOP-SELGG101" failures="0" tests="10" name="Apitests.ContactListAPITests" time="5.780" errors="0" timestamp="2024-12-28T17:31:34 IST" skipped="0">
  <testcase classname="Apitests.ContactListAPITests" name="testAddUser" time="1.308"/>
  <system-out/>
  <testcase classname="Apitests.ContactListAPITests" name="testLoginUser" time="1.875"/>
  <system-out/>
  <testcase classname="Apitests.ContactListAPITests" name="testUpdateUser" time="1.244"/>
  <system-out/>
  <testcase classname="Apitests.ContactListAPITests" name="testLoginUserAgain" time="1.291"/>
  <system-out/>
  <testcase classname="Apitests.ContactListAPITests" name="testAddContact" time="0.013"/>
  <system-out/>
  <testcase classname="Apitests.ContactListAPITests" name="testGetContactList" time="0.007"/>
  <system-out/>
  <testcase classname="Apitests.ContactListAPITests" name="testGetContact" time="0.010"/>
  <system-out/>
  <testcase classname="Apitests.ContactListAPITests" name="testUpdateContact" time="0.014"/>
  <system-out/>
  <testcase classname="Apitests.ContactListAPITests" name="testUpdateContactPartial" time="0.007"/>
  <system-out/>
  <testcase classname="Apitests.ContactListAPITests" name="testLogoutUser" time="0.011"/>
  <system-out/>
</testsuite> <!-- Apitests.ContactListAPITests -->
